app/build/intermediates/manifest_merge_blame_file/debug/manifest-merger-blame-debug-report.txt
1<?xml version="1.0" encoding="utf-8"?>
2<manifest xmlns:android="http://schemas.android.com/apk/res/android"
3    package="com.example.t2kao"
4    android:versionCode="1"
5    android:versionName="1.0" >
6
7    <uses-sdk
8        android:minSdkVersion="24"
8-->src\main\AndroidManifest.xml
9        android:targetSdkVersion="33" />
9-->src\main\AndroidManifest.xml
10
11    <!-- Although the *SdkVersion is captured in gradle build files, this is required for non gradle builds -->
12    <!-- <uses-sdk android:minSdkVersion="14"/> -->
13    <uses-permission android:name="android.permission.ACCESS_NETWORK_STATE" />
13-->[com.google.firebase:firebase-database:20.3.1] AndroidManifest.xml:22:5-79
13-->[com.google.firebase:firebase-database:20.3.1] AndroidManifest.xml:22:22-76
14    <uses-permission android:name="android.permission.INTERNET" />
14-->[com.google.firebase:firebase-database:20.3.1] AndroidManifest.xml:23:5-67
14-->[com.google.firebase:firebase-database:20.3.1] AndroidManifest.xml:23:22-64
15
16    <permission
16-->[androidx.core:core:1.9.0] AndroidManifest.xml:22:5-24:47
17        android:name="com.example.t2kao.DYNAMIC_RECEIVER_NOT_EXPORTED_PERMISSION"
17-->[androidx.core:core:1.9.0] AndroidManifest.xml:23:9-81
18        android:protectionLevel="signature" />
18-->[androidx.core:core:1.9.0] AndroidManifest.xml:24:9-44
19
20    <uses-permission android:name="com.example.t2kao.DYNAMIC_RECEIVER_NOT_EXPORTED_PERMISSION" />
20-->[androidx.core:core:1.9.0] AndroidManifest.xml:26:5-97
20-->[androidx.core:core:1.9.0] AndroidManifest.xml:26:22-94
21
22    <application
22-->src\main\AndroidManifest.xml:5:5-30:19
23        android:allowBackup="true"
23-->src\main\AndroidManifest.xml:6:9-35
24        android:appComponentFactory="androidx.core.app.CoreComponentFactory"
24-->[androidx.core:core:1.9.0] AndroidManifest.xml:28:18-86
25        android:dataExtractionRules="@xml/data_extraction_rules"
25-->src\main\AndroidManifest.xml:7:9-65
26        android:debuggable="true"
27        android:extractNativeLibs="false"
28        android:fullBackupContent="@xml/backup_rules"
28-->src\main\AndroidManifest.xml:8:9-54
29        android:icon="@mipmap/ic_launcher"
29-->src\main\AndroidManifest.xml:9:9-43
30        android:label="@string/app_name"
30-->src\main\AndroidManifest.xml:10:9-41
31        android:supportsRtl="true"
31-->src\main\AndroidManifest.xml:11:9-35
32        android:testOnly="true"
33        android:theme="@style/Theme.T2Kao" >
33-->src\main\AndroidManifest.xml:12:9-43
34
35        <!-- Initial Activity -->
36        <activity
36-->src\main\AndroidManifest.xml:16:9-22:20
37            android:name="com.example.t2kao.activities.InitialActivity"
37-->src\main\AndroidManifest.xml:16:19-61
38            android:exported="true" >
38-->src\main\AndroidManifest.xml:17:13-36
39            <intent-filter>
39-->src\main\AndroidManifest.xml:18:13-21:29
40                <action android:name="android.intent.action.MAIN" />
40-->src\main\AndroidManifest.xml:19:17-69
40-->src\main\AndroidManifest.xml:19:25-66
41
42                <category android:name="android.intent.category.LAUNCHER" />
42-->src\main\AndroidManifest.xml:20:17-77
42-->src\main\AndroidManifest.xml:20:27-74
43            </intent-filter>
44        </activity>
45
46        <!-- Main Activity -->
47        <activity android:name="com.example.t2kao.activities.MainActivity" />
47-->src\main\AndroidManifest.xml:25:9-61
47-->src\main\AndroidManifest.xml:25:19-58
48
49        <!-- Game Over Activity -->
50        <activity android:name="com.example.t2kao.activities.GameOverActivity" />
50-->src\main\AndroidManifest.xml:28:9-65
50-->src\main\AndroidManifest.xml:28:19-62
51
52        <service
52-->[com.google.firebase:firebase-database:20.3.1] AndroidManifest.xml:26:9-35:19
53            android:name="com.google.firebase.components.ComponentDiscoveryService"
53-->[com.google.firebase:firebase-database:20.3.1] AndroidManifest.xml:27:13-84
54            android:directBootAware="true"
54-->[com.google.firebase:firebase-common:20.4.2] AndroidManifest.xml:32:13-43
55            android:exported="false" >
55-->[com.google.firebase:firebase-database:20.3.1] AndroidManifest.xml:28:13-37
56            <meta-data
56-->[com.google.firebase:firebase-database:20.3.1] AndroidManifest.xml:29:13-31:85
57                android:name="com.google.firebase.components:com.google.firebase.database.FirebaseDatabaseKtxRegistrar"
57-->[com.google.firebase:firebase-database:20.3.1] AndroidManifest.xml:30:17-120
58                android:value="com.google.firebase.components.ComponentRegistrar" />
58-->[com.google.firebase:firebase-database:20.3.1] AndroidManifest.xml:31:17-82
59            <meta-data
59-->[com.google.firebase:firebase-database:20.3.1] AndroidManifest.xml:32:13-34:85
60                android:name="com.google.firebase.components:com.google.firebase.database.DatabaseRegistrar"
60-->[com.google.firebase:firebase-database:20.3.1] AndroidManifest.xml:33:17-109
61                android:value="com.google.firebase.components.ComponentRegistrar" />
61-->[com.google.firebase:firebase-database:20.3.1] AndroidManifest.xml:34:17-82
62            <meta-data
62-->[com.google.firebase:firebase-common-ktx:20.4.2] AndroidManifest.xml:12:13-14:85
63                android:name="com.google.firebase.components:com.google.firebase.ktx.FirebaseCommonLegacyRegistrar"
63-->[com.google.firebase:firebase-common-ktx:20.4.2] AndroidManifest.xml:13:17-116
64                android:value="com.google.firebase.components.ComponentRegistrar" />
64-->[com.google.firebase:firebase-common-ktx:20.4.2] AndroidManifest.xml:14:17-82
65            <meta-data
65-->[com.google.firebase:firebase-common:20.4.2] AndroidManifest.xml:35:13-37:85
66                android:name="com.google.firebase.components:com.google.firebase.FirebaseCommonKtxRegistrar"
66-->[com.google.firebase:firebase-common:20.4.2] AndroidManifest.xml:36:17-109
67                android:value="com.google.firebase.components.ComponentRegistrar" />
67-->[com.google.firebase:firebase-common:20.4.2] AndroidManifest.xml:37:17-82
68        </service>
69
70        <provider
70-->[com.google.firebase:firebase-common:20.4.2] AndroidManifest.xml:23:9-28:39
71            android:name="com.google.firebase.provider.FirebaseInitProvider"
71-->[com.google.firebase:firebase-common:20.4.2] AndroidManifest.xml:24:13-77
72            android:authorities="com.example.t2kao.firebaseinitprovider"
72-->[com.google.firebase:firebase-common:20.4.2] AndroidManifest.xml:25:13-72
73            android:directBootAware="true"
73-->[com.google.firebase:firebase-common:20.4.2] AndroidManifest.xml:26:13-43
74            android:exported="false"
74-->[com.google.firebase:firebase-common:20.4.2] AndroidManifest.xml:27:13-37
75            android:initOrder="100" />
75-->[com.google.firebase:firebase-common:20.4.2] AndroidManifest.xml:28:13-36
76
77        <activity
77-->[com.google.android.gms:play-services-base:18.1.0] AndroidManifest.xml:20:9-22:45
78            android:name="com.google.android.gms.common.api.GoogleApiActivity"
78-->[com.google.android.gms:play-services-base:18.1.0] AndroidManifest.xml:20:19-85
79            android:exported="false"
79-->[com.google.android.gms:play-services-base:18.1.0] AndroidManifest.xml:22:19-43
80            android:theme="@android:style/Theme.Translucent.NoTitleBar" />
80-->[com.google.android.gms:play-services-base:18.1.0] AndroidManifest.xml:21:19-78
81
82        <meta-data
82-->[com.google.android.gms:play-services-basement:18.3.0] AndroidManifest.xml:21:9-23:69
83            android:name="com.google.android.gms.version"
83-->[com.google.android.gms:play-services-basement:18.3.0] AndroidManifest.xml:22:13-58
84            android:value="@integer/google_play_services_version" />
84-->[com.google.android.gms:play-services-basement:18.3.0] AndroidManifest.xml:23:13-66
85
86        <provider
86-->[androidx.emoji2:emoji2:1.2.0] AndroidManifest.xml:24:9-32:20
87            android:name="androidx.startup.InitializationProvider"
87-->[androidx.emoji2:emoji2:1.2.0] AndroidManifest.xml:25:13-67
88            android:authorities="com.example.t2kao.androidx-startup"
88-->[androidx.emoji2:emoji2:1.2.0] AndroidManifest.xml:26:13-68
89            android:exported="false" >
89-->[androidx.emoji2:emoji2:1.2.0] AndroidManifest.xml:27:13-37
90            <meta-data
90-->[androidx.emoji2:emoji2:1.2.0] AndroidManifest.xml:29:13-31:52
91                android:name="androidx.emoji2.text.EmojiCompatInitializer"
91-->[androidx.emoji2:emoji2:1.2.0] AndroidManifest.xml:30:17-75
92                android:value="androidx.startup" />
92-->[androidx.emoji2:emoji2:1.2.0] AndroidManifest.xml:31:17-49
93            <meta-data
93-->[androidx.lifecycle:lifecycle-process:2.4.1] AndroidManifest.xml:31:13-33:52
94                android:name="androidx.lifecycle.ProcessLifecycleInitializer"
94-->[androidx.lifecycle:lifecycle-process:2.4.1] AndroidManifest.xml:32:17-78
95                android:value="androidx.startup" />
95-->[androidx.lifecycle:lifecycle-process:2.4.1] AndroidManifest.xml:33:17-49
96        </provider>
97    </application>
98
99</manifest>